#
# A fatal error has been detected by the Java Runtime Environment:
#
#  Internal Error (javaClasses.cpp:129), pid=7524, tid=6052
#  fatal error: Invalid layout of preloaded class
#
# JRE version: 7.0_07-b10
# Java VM: Java HotSpot(TM) Client VM (23.3-b01 mixed mode windows-x86 )
# Failed to write core dump. Minidumps are not enabled by default on client versions of Windows
#
# If you would like to submit a bug report, please visit:
#   http://bugreport.sun.com/bugreport/crash.jsp
#

---------------  T H R E A D  ---------------

Current thread (0x01bcb400):  JavaThread "Unknown thread" [_thread_in_vm, id=6052, stack(0x01a20000,0x01a70000)]

Stack: [0x01a20000,0x01a70000],  sp=0x01a6f6e8,  free space=317k
Native frames: (J=compiled Java code, j=interpreted, Vv=VM code, C=native code)
V  [jvm.dll+0x16f2f1]
V  [jvm.dll+0x169496]
V  [jvm.dll+0x2082f]
V  [jvm.dll+0x208b6]
V  [jvm.dll+0x2e64d]
V  [jvm.dll+0x2e8f9]
V  [jvm.dll+0x77d01]
V  [jvm.dll+0x780bb]
V  [jvm.dll+0x1290e1]
V  [jvm.dll+0x149b8a]
V  [jvm.dll+0xa997f]
C  [javaw.exe+0x1359]
C  [javaw.exe+0x1dbb]
C  [javaw.exe+0xa0eb]
C  [javaw.exe+0xa175]
C  [kernel32.dll+0x51114]  BaseThreadInitThunk+0x12
C  [ntdll.dll+0x5b299]  RtlInitializeExceptionChain+0x63
C  [ntdll.dll+0x5b26c]  RtlInitializeExceptionChain+0x36


---------------  P R O C E S S  ---------------

Java Threads: ( => current thread )

Other Threads:

=>0x01bcb400 (exited) JavaThread "Unknown thread" [_thread_in_vm, id=6052, stack(0x01a20000,0x01a70000)]

VM state:not at safepoint (not fully initialized)

VM Mutex/Monitor currently owned by a thread: None

GC Heap History (0 events):
No events

Deoptimization events (0 events):
No events

Internal exceptions (0 events):
No events

Events (10 events):
Event: 0.021 loading class 0x011d3a00 done
Event: 0.021 loading class 0x01bcfba8 done
Event: 0.021 loading class 0x01bcfb80
Event: 0.021 loading class 0x0120d210
Event: 0.021 loading class 0x0120d210 done
Event: 0.021 loading class 0x0120d248
Event: 0.021 loading class 0x0120d248 done
Event: 0.021 loading class 0x01201348
Event: 0.021 loading class 0x01201348 done
Event: 0.022 loading class 0x01bcfb80 done


Dynamic libraries:
0x01300000 - 0x0132f000 	C:\Program Files\Java\jre7\bin\javaw.exe
0x77950000 - 0x77a8c000 	C:\Windows\SYSTEM32\ntdll.dll
0x77850000 - 0x77924000 	C:\Windows\system32\kernel32.dll
0x75b20000 - 0x75b6a000 	C:\Windows\system32\KERNELBASE.dll
0x771b0000 - 0x77250000 	C:\Windows\system32\ADVAPI32.dll
0x77480000 - 0x7752c000 	C:\Windows\system32\msvcrt.dll
0x75f40000 - 0x75f59000 	C:\Windows\SYSTEM32\sechost.dll
0x76bb0000 - 0x76c51000 	C:\Windows\system32\RPCRT4.dll
0x76f80000 - 0x77049000 	C:\Windows\system32\USER32.dll
0x76c60000 - 0x76cae000 	C:\Windows\system32\GDI32.dll
0x77a90000 - 0x77a9a000 	C:\Windows\system32\LPK.dll
0x76e10000 - 0x76ead000 	C:\Windows\system32\USP10.dll
0x74410000 - 0x745ae000 	C:\Windows\WinSxS\x86_microsoft.windows.common-controls_6595b64144ccf1df_6.0.7600.16661_none_420fe3fa2b8113bd\COMCTL32.dll
0x77050000 - 0x770a7000 	C:\Windows\system32\SHLWAPI.dll
0x77930000 - 0x7794f000 	C:\Windows\system32\IMM32.DLL
0x76eb0000 - 0x76f7c000 	C:\Windows\system32\MSCTF.dll
0x6d9d0000 - 0x6da8e000 	C:\Program Files\Java\jre7\bin\msvcr100.dll
0x68f50000 - 0x6929c000 	C:\Program Files\Java\jre7\bin\client\jvm.dll
0x710f0000 - 0x710f7000 	C:\Windows\system32\WSOCK32.dll
0x77530000 - 0x77565000 	C:\Windows\system32\WS2_32.dll
0x76e00000 - 0x76e06000 	C:\Windows\system32\NSI.dll
0x74100000 - 0x74132000 	C:\Windows\system32\WINMM.dll
0x76cb0000 - 0x76cb5000 	C:\Windows\system32\PSAPI.DLL
0x74840000 - 0x7484c000 	C:\Program Files\Java\jre7\bin\verify.dll
0x73dd0000 - 0x73df0000 	C:\Program Files\Java\jre7\bin\java.dll
0x73df0000 - 0x73e03000 	C:\Program Files\Java\jre7\bin\zip.dll
0x6fc90000 - 0x6fd7b000 	C:\Windows\system32\dbghelp.dll

VM Arguments:
jvm_args: -Dfile.encoding=UTF-8 -Xbootclasspath:G:\android-sdk-windows\android-sdk-windows\platforms\android-10\android.jar 
java_command: org.Pisces.newradio.xml_parser
Launcher Type: SUN_STANDARD

Environment Variables:
JAVA_HOME=C:\Program Files\Java\jdk1.7.0_03\
PATH=C:/Program Files/Java/jre7/bin/client;C:/Program Files/Java/jre7/bin;C:/Program Files/Java/jre7/lib/i386;C:\Program Files\Common Files\NetSarang;C:\Windows\system32;C:\Windows;C:\Windows\System32\Wbem;C:\Windows\System32\WindowsPowerShell\v1.0\;C:\Program Files\Common Files\Thunder Network\KanKan\Codecs;C:\Program Files\Windows7Master;C:\Program Files\Microsoft SQL Server\100\Tools\Binn\;C:\Program Files\Microsoft SQL Server\100\DTS\Binn\;D:\Program Files\CTEX\UserData\miktex\bin;D:\Program Files\CTEX\MiKTeX\miktex\bin;D:\Program Files\CTEX\CTeX\ctex\bin;D:\Program Files\CTEX\CTeX\cct\bin;D:\Program Files\CTEX\CTeX\ty\bin;D:\Program Files\CTEX\Ghostscript\gs9.05\bin;D:\Program Files\CTEX\GSview\gsview;D:\Program Files\CTEX\WinEdt;C:\Program Files\Java\jdk1.7.0_03\bin;C:\Program Files\Dev-Cpp\MinGW32\bin;G:\eclipse;
USERNAME=Administrator
OS=Windows_NT
PROCESSOR_IDENTIFIER=x86 Family 6 Model 37 Stepping 2, GenuineIntel



---------------  S Y S T E M  ---------------

OS: Windows 7 Build 7600 

CPU:total 4 (2 cores per cpu, 2 threads per core) family 6 model 37 stepping 2, cmov, cx8, fxsr, mmx, sse, sse2, sse3, ssse3, sse4.1, sse4.2, popcnt, ht, tsc, tscinvbit

Memory: 4k page, physical 4053716k(2551312k free), swap 6460400k(4913092k free)

vm_info: Java HotSpot(TM) Client VM (23.3-b01) for windows-x86 JRE (1.7.0_07-b10), built on Aug 28 2012 19:49:22 by "java_re" with unknown MS VC++:1600

time: Thu Oct 18 20:56:56 2012
elapsed time: 0 seconds

