#
# A fatal error has been detected by the Java Runtime Environment:
#
#  Internal Error (javaClasses.cpp:129), pid=7956, tid=3928
#  fatal error: Invalid layout of preloaded class
#
# JRE version: 7.0_07-b10
# Java VM: Java HotSpot(TM) Client VM (23.3-b01 mixed mode windows-x86 )
# Failed to write core dump. Minidumps are not enabled by default on client versions of Windows
#
# If you would like to submit a bug report, please visit:
#   http://bugreport.sun.com/bugreport/crash.jsp
#

---------------  T H R E A D  ---------------

Current thread (0x001bb400):  JavaThread "Unknown thread" [_thread_in_vm, id=3928, stack(0x00440000,0x00490000)]

Stack: [0x00440000,0x00490000],  sp=0x0048f510,  free space=317k
Native frames: (J=compiled Java code, j=interpreted, Vv=VM code, C=native code)
V  [jvm.dll+0x16f2f1]
V  [jvm.dll+0x169496]
V  [jvm.dll+0x2082f]
V  [jvm.dll+0x208b6]
V  [jvm.dll+0x2e64d]
V  [jvm.dll+0x2e8f9]
V  [jvm.dll+0x77d01]
V  [jvm.dll+0x780bb]
V  [jvm.dll+0x1290e1]
V  [jvm.dll+0x149b8a]
V  [jvm.dll+0xa997f]
C  [javaw.exe+0x1359]
C  [javaw.exe+0x1dbb]
C  [javaw.exe+0xa0eb]
C  [javaw.exe+0xa175]
C  [kernel32.dll+0x51114]  BaseThreadInitThunk+0x12
C  [ntdll.dll+0x5b299]  RtlInitializeExceptionChain+0x63
C  [ntdll.dll+0x5b26c]  RtlInitializeExceptionChain+0x36


---------------  P R O C E S S  ---------------

Java Threads: ( => current thread )

Other Threads:

=>0x001bb400 (exited) JavaThread "Unknown thread" [_thread_in_vm, id=3928, stack(0x00440000,0x00490000)]

VM state:not at safepoint (not fully initialized)

VM Mutex/Monitor currently owned by a thread: None

GC Heap History (0 events):
No events

Deoptimization events (0 events):
No events

Internal exceptions (0 events):
No events

Events (10 events):
Event: 0.015 loading class 0x00db3a00 done
Event: 0.015 loading class 0x001bfc08 done
Event: 0.015 loading class 0x001bfbe0
Event: 0.015 loading class 0x00ded280
Event: 0.015 loading class 0x00ded280 done
Event: 0.015 loading class 0x00ded2b8
Event: 0.015 loading class 0x00ded2b8 done
Event: 0.015 loading class 0x00de13b8
Event: 0.015 loading class 0x00de13b8 done
Event: 0.015 loading class 0x001bfbe0 done


Dynamic libraries:
0x01090000 - 0x010bf000 	C:\Program Files\Java\jre7\bin\javaw.exe
0x77210000 - 0x7734c000 	C:\Windows\SYSTEM32\ntdll.dll
0x76f40000 - 0x77014000 	C:\Windows\system32\kernel32.dll
0x754c0000 - 0x7550a000 	C:\Windows\system32\KERNELBASE.dll
0x76d00000 - 0x76da0000 	C:\Windows\system32\ADVAPI32.dll
0x77160000 - 0x7720c000 	C:\Windows\system32\msvcrt.dll
0x77360000 - 0x77379000 	C:\Windows\SYSTEM32\sechost.dll
0x77020000 - 0x770c1000 	C:\Windows\system32\RPCRT4.dll
0x76bb0000 - 0x76c79000 	C:\Windows\system32\USER32.dll
0x76a20000 - 0x76a6e000 	C:\Windows\system32\GDI32.dll
0x77400000 - 0x7740a000 	C:\Windows\system32\LPK.dll
0x75660000 - 0x756fd000 	C:\Windows\system32\USP10.dll
0x73690000 - 0x7382e000 	C:\Windows\WinSxS\x86_microsoft.windows.common-controls_6595b64144ccf1df_6.0.7600.16661_none_420fe3fa2b8113bd\COMCTL32.dll
0x76b50000 - 0x76ba7000 	C:\Windows\system32\SHLWAPI.dll
0x77420000 - 0x7743f000 	C:\Windows\system32\IMM32.DLL
0x76450000 - 0x7651c000 	C:\Windows\system32\MSCTF.dll
0x69ac0000 - 0x69b7e000 	C:\Program Files\Java\jre7\bin\msvcr100.dll
0x69750000 - 0x69a9c000 	C:\Program Files\Java\jre7\bin\client\jvm.dll
0x70be0000 - 0x70be7000 	C:\Windows\system32\WSOCK32.dll
0x773c0000 - 0x773f5000 	C:\Windows\system32\WS2_32.dll
0x77410000 - 0x77416000 	C:\Windows\system32\NSI.dll
0x73310000 - 0x73342000 	C:\Windows\system32\WINMM.dll
0x773b0000 - 0x773b5000 	C:\Windows\system32\PSAPI.DLL
0x73680000 - 0x7368c000 	C:\Program Files\Java\jre7\bin\verify.dll
0x72fb0000 - 0x72fd0000 	C:\Program Files\Java\jre7\bin\java.dll
0x72f90000 - 0x72fa3000 	C:\Program Files\Java\jre7\bin\zip.dll
0x6f780000 - 0x6f86b000 	C:\Windows\system32\dbghelp.dll

VM Arguments:
jvm_args: -Dfile.encoding=GBK -Xbootclasspath:G:\android-sdk-windows\android-sdk-windows\platforms\android-10\android.jar 
java_command: org.Pisces.newradio.xml_parser
Launcher Type: SUN_STANDARD

Environment Variables:
JAVA_HOME=C:\Program Files\Java\jdk1.7.0_03\
PATH=C:/Program Files/Java/jre7/bin/client;C:/Program Files/Java/jre7/bin;C:/Program Files/Java/jre7/lib/i386;C:\Program Files\Common Files\NetSarang;C:\Windows\system32;C:\Windows;C:\Windows\System32\Wbem;C:\Windows\System32\WindowsPowerShell\v1.0\;C:\Program Files\Common Files\Thunder Network\KanKan\Codecs;C:\Program Files\Windows7Master;C:\Program Files\Microsoft SQL Server\100\Tools\Binn\;C:\Program Files\Microsoft SQL Server\100\DTS\Binn\;D:\Program Files\CTEX\UserData\miktex\bin;D:\Program Files\CTEX\MiKTeX\miktex\bin;D:\Program Files\CTEX\CTeX\ctex\bin;D:\Program Files\CTEX\CTeX\cct\bin;D:\Program Files\CTEX\CTeX\ty\bin;D:\Program Files\CTEX\Ghostscript\gs9.05\bin;D:\Program Files\CTEX\GSview\gsview;D:\Program Files\CTEX\WinEdt;C:\Program Files\Java\jdk1.7.0_03\bin;C:\Program Files\Dev-Cpp\MinGW32\bin;G:\eclipse;
USERNAME=Administrator
OS=Windows_NT
PROCESSOR_IDENTIFIER=x86 Family 6 Model 37 Stepping 2, GenuineIntel



---------------  S Y S T E M  ---------------

OS: Windows 7 Build 7600 

CPU:total 4 (2 cores per cpu, 2 threads per core) family 6 model 37 stepping 2, cmov, cx8, fxsr, mmx, sse, sse2, sse3, ssse3, sse4.1, sse4.2, popcnt, ht, tsc, tscinvbit

Memory: 4k page, physical 4053716k(1458992k free), swap 6460400k(3193692k free)

vm_info: Java HotSpot(TM) Client VM (23.3-b01) for windows-x86 JRE (1.7.0_07-b10), built on Aug 28 2012 19:49:22 by "java_re" with unknown MS VC++:1600

time: Thu Oct 11 22:10:49 2012
elapsed time: 0 seconds

